Warning: Flow failed to import. Set the environment variable D4RL_SUPPRESS_IMPORT_ERROR=1 to suppress this message.
No module named 'flow'
Warning: CARLA failed to import. Set the environment variable D4RL_SUPPRESS_IMPORT_ERROR=1 to suppress this message.
No module named 'carla'
pybullet build time: Oct 11 2024 18:07:18
/home/rishav/slowagent/lib/python3.10/site-packages/gym/logger.py:34: UserWarning: [33mWARN: Box bound precision lowered by casting to float32[0m
  warnings.warn(colorize("%s: %s" % ("WARN", msg % args), "yellow"))
load datafile:   0%|          | 0/11 [00:00<?, ?it/s]load datafile:   9%|â–‰         | 1/11 [00:00<00:07,  1.34it/s]load datafile:  18%|â–ˆâ–Š        | 2/11 [00:00<00:03,  2.27it/s]load datafile:  27%|â–ˆâ–ˆâ–‹       | 3/11 [00:01<00:05,  1.44it/s]load datafile:  36%|â–ˆâ–ˆâ–ˆâ–‹      | 4/11 [00:02<00:04,  1.41it/s]load datafile:  64%|â–ˆâ–ˆâ–ˆâ–ˆâ–ˆâ–ˆâ–Ž   | 7/11 [00:03<00:01,  2.70it/s]load datafile:  73%|â–ˆâ–ˆâ–ˆâ–ˆâ–ˆâ–ˆâ–ˆâ–Ž  | 8/11 [00:03<00:01,  3.00it/s]load datafile: 100%|â–ˆâ–ˆâ–ˆâ–ˆâ–ˆâ–ˆâ–ˆâ–ˆâ–ˆâ–ˆ| 11/11 [00:03<00:00,  3.20it/s]
wandb: Currently logged in as: mail-rishav9. Use `wandb login --relogin` to force relogin
wandb: wandb version 0.18.3 is available!  To upgrade, please run:
wandb:  $ pip install wandb --upgrade
wandb: Tracking run with wandb version 0.16.6
wandb: Run data is saved locally in /lustre04/scratch/rishav/xrl/wandb/run-20241013_235731-fwp4fx9p
wandb: Run `wandb offline` to turn off syncing.
wandb: Syncing run LSTM_16_to_16_13-10-24-23-57-29
wandb: â­ï¸ View project at https://wandb.ai/mail-rishav9/xrl_lstm_seqs
wandb: ðŸš€ View run at https://wandb.ai/mail-rishav9/xrl_lstm_seqs/runs/fwp4fx9p
wandb: Network error (TransientError), entering retry loop.
/lustre04/scratch/rishav/xrl/trainlstm.py:63: UserWarning: Creating a tensor from a list of numpy.ndarrays is extremely slow. Please consider converting the list to a single numpy.ndarray with numpy.array() before converting to a tensor. (Triggered internally at /home/coulombc/wheels_builder/tmp.12722/python-3.10/torch/torch/csrc/utils/tensor_new.cpp:274.)
  seq_states = torch.Tensor(seq_states)
slurmstepd: error: *** JOB 51888955 ON bg12303 CANCELLED AT 2024-10-14T04:05:28 ***
